<?xml version="1.0" encoding="UTF-8"?>
<testng-results skipped="0" failed="0" total="1" passed="1">
  <reporter-output>
  </reporter-output>
  <suite name="Default suite" duration-ms="4899" started-at="2017-04-24T05:52:20Z" finished-at="2017-04-24T05:52:25Z">
    <groups>
    </groups>
    <test name="Default test" duration-ms="4899" started-at="2017-04-24T05:52:20Z" finished-at="2017-04-24T05:52:25Z">
      <class name="example.NewTest">
        <test-method status="PASS" signature="beforeTest()[pri:0, instance:example.NewTest@4439f31e]" name="beforeTest" is-config="true" duration-ms="2434" started-at="2017-04-23T22:52:20Z" finished-at="2017-04-23T22:52:23Z">
          <reporter-output>
          </reporter-output>
        </test-method> <!-- beforeTest -->
        <test-method status="PASS" signature="testEasy()[pri:0, instance:example.NewTest@4439f31e]" name="testEasy" duration-ms="2285" started-at="2017-04-23T22:52:23Z" finished-at="2017-04-23T22:52:25Z">
          <reporter-output>
          </reporter-output>
        </test-method> <!-- testEasy -->
        <test-method status="PASS" signature="afterTest()[pri:0, instance:example.NewTest@4439f31e]" name="afterTest" is-config="true" duration-ms="166" started-at="2017-04-23T22:52:25Z" finished-at="2017-04-23T22:52:25Z">
          <reporter-output>
          </reporter-output>
        </test-method> <!-- afterTest -->
      </class> <!-- example.NewTest -->
    </test> <!-- Default test -->
  </suite> <!-- Default suite -->
</testng-results>
